SF:lib\data\models\categoria.dart
DA:6,2
DA:12,1
DA:13,1
DA:14,1
DA:15,1
DA:16,1
DA:20,0
DA:21,0
DA:22,0
DA:23,0
DA:24,0
LF:11
LH:6
end_of_record
SF:lib\core\utils\hash_helper.dart
DA:6,1
DA:7,1
DA:8,1
DA:9,1
LF:4
LH:4
end_of_record
SF:lib\data\models\libro.dart
DA:17,3
DA:33,1
DA:34,1
DA:35,3
DA:36,2
DA:37,2
DA:38,2
DA:39,2
DA:41,4
DA:42,3
DA:47,1
DA:48,1
DA:49,3
DA:50,2
DA:51,2
DA:52,2
DA:53,2
DA:55,4
DA:56,2
DA:57,2
DA:58,2
DA:59,3
DA:60,1
DA:61,3
DA:63,3
LF:25
LH:25
end_of_record
SF:lib\data\models\usuario.dart
DA:16,4
DA:32,1
DA:33,1
DA:34,1
DA:35,1
DA:36,1
DA:37,1
DA:38,1
DA:39,1
DA:40,1
DA:41,1
DA:42,1
DA:43,4
DA:44,1
DA:45,1
DA:46,1
DA:50,0
DA:51,0
DA:52,0
DA:53,0
DA:54,0
DA:55,0
DA:56,0
DA:57,0
DA:58,0
DA:59,0
DA:60,0
DA:61,0
DA:62,0
DA:63,0
LF:30
LH:16
end_of_record
SF:lib\data\services\acceso_rapido_service.dart
DA:5,0
DA:6,0
DA:12,0
DA:16,0
DA:17,0
DA:22,0
DA:23,0
DA:29,0
DA:32,0
DA:33,0
LF:10
LH:0
end_of_record
SF:lib\core\postgres_client.dart
DA:5,0
DA:8,0
DA:9,0
DA:18,0
DA:19,0
DA:23,0
DA:25,0
DA:26,0
DA:28,0
DA:32,0
DA:34,0
DA:35,0
DA:37,0
LF:13
LH:0
end_of_record
SF:lib\data\services\categoria_service.dart
DA:6,0
DA:7,0
DA:17,0
DA:19,0
DA:20,0
DA:21,0
DA:22,0
DA:24,0
DA:25,0
LF:9
LH:0
end_of_record
SF:lib\core\utils\cloudinary_service.dart
DA:12,1
DA:13,3
DA:16,1
DA:18,1
DA:21,1
DA:22,1
DA:24,1
DA:25,3
DA:29,0
DA:31,0
DA:32,0
DA:33,0
DA:34,0
DA:35,0
DA:36,0
DA:37,0
DA:40,0
LF:17
LH:8
end_of_record
SF:lib\data\services\favorites_service.dart
DA:6,0
DA:28,0
DA:30,0
DA:31,0
DA:32,0
DA:33,0
DA:34,0
DA:35,0
DA:36,0
DA:37,0
DA:38,0
DA:39,0
DA:41,0
DA:45,0
DA:53,0
DA:54,0
DA:58,0
DA:65,0
DA:66,0
LF:19
LH:0
end_of_record
SF:lib\data\services\home_service.dart
DA:4,0
DA:23,0
DA:25,0
DA:26,0
DA:27,0
DA:28,0
DA:29,0
DA:30,0
DA:31,0
DA:32,0
DA:33,0
DA:34,0
DA:36,0
DA:39,0
DA:73,0
DA:75,0
DA:76,0
DA:77,0
DA:78,0
DA:79,0
DA:80,0
DA:81,0
DA:82,0
DA:83,0
DA:84,0
DA:85,0
DA:87,0
LF:27
LH:0
end_of_record
SF:lib\data\services\libro_service.dart
DA:6,0
DA:7,0
DA:20,0
DA:22,0
DA:26,0
DA:27,0
DA:49,0
DA:51,0
DA:55,0
DA:56,0
DA:59,0
DA:68,0
DA:73,0
DA:74,0
LF:14
LH:0
end_of_record
SF:lib\data\services\notificaciones_service.dart
DA:4,0
DA:12,0
DA:13,0
DA:14,0
DA:15,0
DA:16,0
DA:17,0
DA:18,0
DA:19,0
DA:22,0
DA:24,0
DA:27,0
DA:29,0
LF:13
LH:0
end_of_record
SF:lib\data\services\recommendations_service.dart
DA:5,0
DA:41,0
DA:42,0
DA:43,0
DA:44,0
DA:45,0
DA:46,0
DA:47,0
DA:48,0
DA:49,0
DA:50,0
DA:52,0
DA:54,0
DA:58,0
DA:74,0
DA:75,0
DA:76,0
DA:77,0
DA:78,0
DA:79,0
DA:80,0
DA:81,0
DA:84,0
DA:88,0
DA:101,0
DA:102,0
DA:103,0
DA:104,0
DA:105,0
DA:106,0
DA:107,0
DA:108,0
DA:111,0
LF:33
LH:0
end_of_record
SF:lib\data\services\opinion_service.dart
DA:6,0
DA:8,0
DA:11,0
DA:17,0
DA:21,0
DA:31,0
DA:32,0
DA:33,0
DA:34,0
DA:35,0
DA:36,0
DA:37,0
DA:38,0
DA:40,0
LF:14
LH:0
end_of_record
SF:lib\data\services\reservations_service.dart
DA:6,0
DA:16,0
DA:17,0
DA:18,0
DA:19,0
DA:20,0
DA:21,0
DA:22,0
DA:23,0
DA:24,0
DA:25,0
DA:27,0
DA:31,0
DA:37,0
DA:41,0
DA:48,0
DA:50,0
DA:56,0
DA:58,0
DA:59,0
DA:67,0
DA:74,0
DA:76,0
DA:78,0
LF:24
LH:0
end_of_record
SF:lib\data\services\search_service.dart
DA:5,0
DA:28,0
DA:29,0
DA:33,0
DA:34,0
DA:35,0
DA:36,0
DA:37,0
DA:38,0
DA:39,0
DA:40,0
DA:41,0
DA:42,0
DA:44,0
DA:46,0
DA:50,0
DA:55,0
DA:58,0
LF:18
LH:0
end_of_record
SF:lib\core\utils\session_manager.dart
DA:25,1
DA:26,1
DA:28,1
DA:29,2
DA:31,1
DA:32,0
DA:34,1
DA:35,2
DA:37,1
DA:38,0
DA:40,1
DA:41,0
DA:43,1
DA:44,0
DA:46,1
DA:47,2
DA:49,1
DA:50,0
DA:52,1
DA:53,0
DA:55,1
DA:56,0
DA:58,1
DA:59,0
DA:61,1
DA:62,0
DA:64,1
DA:65,0
DA:67,1
DA:68,0
DA:70,1
DA:71,0
DA:76,3
DA:77,3
DA:79,6
DA:80,5
DA:81,3
DA:82,7
DA:83,3
DA:84,6
DA:85,3
DA:86,3
DA:87,3
DA:88,3
DA:89,0
DA:91,3
DA:92,3
DA:93,3
DA:97,1
DA:98,1
DA:99,1
DA:103,1
DA:104,1
DA:105,1
DA:106,1
DA:107,1
DA:108,1
DA:109,1
DA:110,1
DA:111,1
DA:112,1
DA:113,1
DA:114,1
DA:115,1
DA:116,1
DA:117,1
DA:118,1
DA:119,1
DA:120,1
DA:125,0
DA:126,0
DA:127,0
DA:130,0
DA:131,0
DA:132,0
DA:136,1
DA:137,1
DA:138,1
LF:78
LH:59
end_of_record
SF:lib\viewmodel\acceso_rapido_viewmodel.dart
DA:11,1
DA:12,0
DA:14,1
DA:16,1
DA:17,1
DA:20,3
DA:21,3
DA:23,1
DA:25,2
DA:26,3
DA:28,2
DA:29,3
DA:31,1
DA:32,1
LF:14
LH:13
end_of_record
SF:lib\viewmodel\categoria_viewmodel.dart
DA:11,0
DA:13,0
DA:14,0
DA:15,0
DA:17,0
DA:18,0
DA:20,0
DA:22,0
DA:23,0
DA:25,0
DA:26,0
DA:27,0
LF:12
LH:0
end_of_record
SF:lib\viewmodel\favorites_viewmodel.dart
DA:12,1
DA:13,0
DA:15,1
DA:17,1
DA:18,1
DA:20,2
DA:21,0
DA:23,2
DA:25,1
DA:26,1
DA:30,1
DA:31,2
DA:32,1
DA:35,0
DA:36,0
DA:37,0
LF:16
LH:11
end_of_record
SF:lib\viewmodel\home_viewmodel.dart
DA:6,2
DA:19,1
DA:21,1
DA:22,1
DA:23,1
DA:26,1
DA:28,1
DA:29,1
DA:31,3
DA:32,1
DA:34,2
DA:36,1
DA:37,1
DA:41,1
DA:43,1
DA:44,1
DA:46,3
DA:47,1
DA:49,2
DA:51,1
DA:52,1
LF:21
LH:21
end_of_record
SF:lib\viewmodel\libro_viewmodel.dart
DA:11,1
DA:20,2
DA:22,1
DA:24,1
DA:25,1
DA:27,3
DA:28,1
DA:31,5
DA:33,1
DA:35,2
DA:36,3
DA:38,1
DA:39,1
DA:44,1
DA:45,1
DA:46,1
DA:47,1
DA:51,1
DA:52,1
DA:53,1
DA:54,6
DA:56,1
DA:57,6
DA:59,1
DA:60,0
DA:62,1
DA:63,0
DA:64,0
DA:65,0
DA:66,0
DA:69,1
DA:76,1
DA:78,1
DA:79,1
DA:80,3
DA:81,1
DA:83,2
DA:85,1
DA:86,1
DA:91,1
DA:92,2
DA:93,1
DA:97,1
DA:98,2
LF:44
LH:39
end_of_record
SF:lib\viewmodel\login_viewmodel.dart
DA:12,1
DA:13,0
DA:16,0
DA:19,0
DA:22,0
DA:24,1
DA:25,1
DA:27,1
DA:28,1
DA:31,2
DA:32,3
DA:33,3
DA:36,1
DA:39,1
DA:41,1
DA:43,1
DA:45,1
DA:46,1
DA:48,0
DA:51,0
DA:52,0
DA:54,1
DA:58,1
DA:59,1
DA:60,1
DA:63,0
DA:64,0
DA:65,0
DA:66,0
DA:67,0
LF:30
LH:18
end_of_record
SF:lib\data\services\usuario_service.dart
DA:6,0
DA:7,0
DA:9,0
DA:16,0
DA:19,0
DA:20,0
DA:25,0
DA:32,0
DA:34,0
DA:40,0
DA:48,0
DA:49,0
DA:53,0
DA:57,0
DA:59,0
DA:77,0
DA:78,0
DA:79,0
DA:80,0
DA:81,0
DA:82,0
DA:83,0
DA:84,0
DA:85,0
DA:86,0
DA:87,0
DA:88,0
DA:89,0
DA:93,0
LF:29
LH:0
end_of_record
SF:lib\viewmodel\notificaciones_viewmodel.dart
DA:12,1
DA:13,1
DA:16,1
DA:18,1
DA:19,1
DA:20,3
DA:21,1
DA:23,2
DA:25,1
DA:26,1
DA:30,1
DA:31,2
DA:32,4
DA:33,4
DA:35,1
DA:36,1
DA:39,1
DA:40,2
DA:41,7
DA:42,1
LF:20
LH:20
end_of_record
SF:lib\viewmodel\opinion_viewmodel.dart
DA:12,1
DA:13,1
DA:16,1
DA:18,1
DA:19,1
DA:21,3
DA:22,1
DA:24,0
DA:26,1
DA:27,1
DA:31,1
DA:33,2
DA:34,1
LF:13
LH:12
end_of_record
SF:lib\viewmodel\register_viewmodel.dart
DA:13,1
DA:14,0
DA:17,0
DA:21,1
DA:22,1
DA:25,1
DA:26,1
DA:29,2
DA:30,3
DA:31,3
DA:32,3
DA:33,3
DA:36,1
DA:42,1
DA:44,1
DA:46,1
DA:50,1
DA:52,1
DA:55,0
DA:56,0
DA:58,1
DA:62,1
DA:63,1
DA:64,1
DA:67,1
DA:68,1
DA:69,2
LF:27
LH:23
end_of_record
SF:lib\viewmodel\reservations_viewmodel.dart
DA:7,1
DA:8,0
DA:18,1
DA:19,1
DA:20,1
DA:23,1
DA:25,1
DA:26,1
DA:28,2
DA:31,3
DA:32,3
DA:33,3
DA:34,1
DA:36,3
DA:37,3
DA:38,2
DA:39,1
DA:41,1
DA:43,2
DA:45,1
DA:46,1
DA:51,1
DA:53,2
DA:57,0
DA:58,0
DA:63,1
DA:64,2
DA:65,1
DA:69,1
DA:70,2
DA:71,1
LF:31
LH:28
end_of_record
